# JRE version: Java(TM) SE Runtime Environment (17.0.6+9) (build 17.0.6+9-LTS-190)
# Java VM: Java HotSpot(TM) 64-Bit Server VM (17.0.6+9-LTS-190, mixed mode, emulated-client, sharing, tiered, compressed oops, compressed class ptrs, g1 gc, windows-amd64)
GC Precious Log:
 CPUs: 12 total, 12 available
 Memory: 16226M
 Large Page Support: Disabled
 NUMA Support: Disabled
 Compressed Oops: Enabled (Zero based)
 Heap Region Size: 2M
 Heap Min Capacity: 8M
 Heap Initial Capacity: 254M
 Heap Max Capacity: 4058M
 Pre-touch: Disabled
 Parallel Workers: 10
 Concurrent Workers: 3
 Concurrent Refinement Workers: 10
 Periodic GC: Disabled
Heap:
 garbage-first heap   total 81920K, used 31368K [0x0000000702600000, 0x0000000800000000)
  region size 2048K, 5 young (10240K), 3 survivors (6144K)
 Metaspace       used 34881K, committed 35200K, reserved 1081344K
  class space    used 4756K, committed 4928K, reserved 1048576K
GC Heap History (18 events):
Event: 3.301 GC heap before
{Heap before GC invocations=0 (full 0):
 garbage-first heap   total 260096K, used 20480K [0x0000000702600000, 0x0000000800000000)
  region size 2048K, 11 young (22528K), 0 survivors (0K)
 Metaspace       used 4357K, committed 4544K, reserved 1056768K
  class space    used 532K, committed 640K, reserved 1048576K
}
Event: 3.310 GC heap after
{Heap after GC invocations=1 (full 0):
 garbage-first heap   total 260096K, used 13504K [0x0000000702600000, 0x0000000800000000)
  region size 2048K, 2 young (4096K), 2 survivors (4096K)
 Metaspace       used 4357K, committed 4544K, reserved 1056768K
  class space    used 532K, committed 640K, reserved 1048576K
}
Event: 4.302 GC heap before
{Heap before GC invocations=1 (full 0):
 garbage-first heap   total 260096K, used 25792K [0x0000000702600000, 0x0000000800000000)
  region size 2048K, 8 young (16384K), 2 survivors (4096K)
 Metaspace       used 6809K, committed 6976K, reserved 1056768K
  class space    used 838K, committed 896K, reserved 1048576K
}
Event: 4.307 GC heap after
{Heap after GC invocations=2 (full 0):
 garbage-first heap   total 260096K, used 14851K [0x0000000702600000, 0x0000000800000000)
  region size 2048K, 1 young (2048K), 1 survivors (2048K)
 Metaspace       used 6809K, committed 6976K, reserved 1056768K
  class space    used 838K, committed 896K, reserved 1048576K
}
Event: 6.247 GC heap before
{Heap before GC invocations=2 (full 0):
 garbage-first heap   total 260096K, used 55811K [0x0000000702600000, 0x0000000800000000)
  region size 2048K, 22 young (45056K), 1 survivors (2048K)
 Metaspace       used 14437K, committed 14720K, reserved 1064960K
  class space    used 1924K, committed 2048K, reserved 1048576K
}
Event: 6.252 GC heap after
{Heap after GC invocations=3 (full 0):
 garbage-first heap   total 260096K, used 17141K [0x0000000702600000, 0x0000000800000000)
  region size 2048K, 2 young (4096K), 2 survivors (4096K)
 Metaspace       used 14437K, committed 14720K, reserved 1064960K
  class space    used 1924K, committed 2048K, reserved 1048576K
}
Event: 18.061 GC heap before
{Heap before GC invocations=3 (full 0):
 garbage-first heap   total 260096K, used 82677K [0x0000000702600000, 0x0000000800000000)
  region size 2048K, 35 young (71680K), 2 survivors (4096K)
 Metaspace       used 21231K, committed 21504K, reserved 1073152K
  class space    used 2799K, committed 2944K, reserved 1048576K
}
Event: 18.069 GC heap after
{Heap after GC invocations=4 (full 0):
 garbage-first heap   total 260096K, used 21217K [0x0000000702600000, 0x0000000800000000)
  region size 2048K, 4 young (8192K), 4 survivors (8192K)
 Metaspace       used 21231K, committed 21504K, reserved 1073152K
  class space    used 2799K, committed 2944K, reserved 1048576K
}
Event: 19.896 GC heap before
{Heap before GC invocations=5 (full 0):
 garbage-first heap   total 81920K, used 62177K [0x0000000702600000, 0x0000000800000000)
  region size 2048K, 24 young (49152K), 4 survivors (8192K)
 Metaspace       used 24972K, committed 25344K, reserved 1073152K
  class space    used 3286K, committed 3456K, reserved 1048576K
}
Event: 19.906 GC heap after
{Heap after GC invocations=6 (full 0):
 garbage-first heap   total 81920K, used 23305K [0x0000000702600000, 0x0000000800000000)
  region size 2048K, 2 young (4096K), 2 survivors (4096K)
 Metaspace       used 24972K, committed 25344K, reserved 1073152K
  class space    used 3286K, committed 3456K, reserved 1048576K
}
Event: 19.935 GC heap before
{Heap before GC invocations=6 (full 0):
 garbage-first heap   total 81920K, used 25353K [0x0000000702600000, 0x0000000800000000)
  region size 2048K, 3 young (6144K), 2 survivors (4096K)
 Metaspace       used 24972K, committed 25344K, reserved 1073152K
  class space    used 3286K, committed 3456K, reserved 1048576K
}
Event: 19.939 GC heap after
{Heap after GC invocations=7 (full 0):
 garbage-first heap   total 81920K, used 23594K [0x0000000702600000, 0x0000000800000000)
  region size 2048K, 1 young (2048K), 1 survivors (2048K)
 Metaspace       used 24972K, committed 25344K, reserved 1073152K
  class space    used 3286K, committed 3456K, reserved 1048576K
}
Event: 21.004 GC heap before
{Heap before GC invocations=7 (full 0):
 garbage-first heap   total 81920K, used 52266K [0x0000000702600000, 0x0000000800000000)
  region size 2048K, 15 young (30720K), 1 survivors (2048K)
 Metaspace       used 27260K, committed 27520K, reserved 1073152K
  class space    used 3665K, committed 3776K, reserved 1048576K
}
Event: 21.009 GC heap after
{Heap after GC invocations=8 (full 0):
 garbage-first heap   total 81920K, used 24937K [0x0000000702600000, 0x0000000800000000)
  region size 2048K, 1 young (2048K), 1 survivors (2048K)
 Metaspace       used 27260K, committed 27520K, reserved 1073152K
  class space    used 3665K, committed 3776K, reserved 1048576K
}
Event: 22.065 GC heap before
{Heap before GC invocations=8 (full 0):
 garbage-first heap   total 81920K, used 55657K [0x0000000702600000, 0x0000000800000000)
  region size 2048K, 16 young (32768K), 1 survivors (2048K)
 Metaspace       used 29950K, committed 30272K, reserved 1081344K
  class space    used 4026K, committed 4160K, reserved 1048576K
}
Event: 22.070 GC heap after
{Heap after GC invocations=9 (full 0):
 garbage-first heap   total 81920K, used 26400K [0x0000000702600000, 0x0000000800000000)
  region size 2048K, 2 young (4096K), 2 survivors (4096K)
 Metaspace       used 29950K, committed 30272K, reserved 1081344K
  class space    used 4026K, committed 4160K, reserved 1048576K
}
Event: 23.634 GC heap before
{Heap before GC invocations=9 (full 0):
 garbage-first heap   total 81920K, used 59168K [0x0000000702600000, 0x0000000800000000)
  region size 2048K, 18 young (36864K), 2 survivors (4096K)
 Metaspace       used 34649K, committed 34944K, reserved 1081344K
  class space    used 4723K, committed 4864K, reserved 1048576K
}
Event: 23.641 GC heap after
{Heap after GC invocations=10 (full 0):
 garbage-first heap   total 81920K, used 29320K [0x0000000702600000, 0x0000000800000000)
  region size 2048K, 3 young (6144K), 3 survivors (6144K)
 Metaspace       used 34649K, committed 34944K, reserved 1081344K
  class space    used 4723K, committed 4864K, reserved 1048576K
}

